{"/Users/nishitareddy/Trading-Platform/trading-ui/lib/api/client.ts": {"path":"/Users/nishitareddy/Trading-Platform/trading-ui/lib/api/client.ts","statementMap":{"0":{"start":{"line":15,"column":0},"end":{"line":15,"column":16}},"1":{"start":{"line":24,"column":0},"end":{"line":24,"column":16}},"2":{"start":{"line":3,"column":2},"end":{"line":5,"column":3}},"3":{"start":{"line":4,"column":4},"end":{"line":4,"column":14}},"4":{"start":{"line":6,"column":2},"end":{"line":6,"column":68}},"5":{"start":{"line":10,"column":2},"end":{"line":10,"column":49}},"6":{"start":{"line":10,"column":37},"end":{"line":10,"column":49}},"7":{"start":{"line":11,"column":2},"end":{"line":11,"column":39}},"8":{"start":{"line":16,"column":2},"end":{"line":16,"column":44}},"9":{"start":{"line":16,"column":37},"end":{"line":16,"column":44}},"10":{"start":{"line":17,"column":2},"end":{"line":17,"column":45}},"11":{"start":{"line":18,"column":2},"end":{"line":18,"column":72}},"12":{"start":{"line":18,"column":20},"end":{"line":18,"column":72}},"13":{"start":{"line":20,"column":2},"end":{"line":20,"column":74}},"14":{"start":{"line":25,"column":2},"end":{"line":25,"column":44}},"15":{"start":{"line":25,"column":37},"end":{"line":25,"column":44}},"16":{"start":{"line":26,"column":2},"end":{"line":26,"column":35}},"17":{"start":{"line":27,"column":2},"end":{"line":27,"column":43}},"18":{"start":{"line":28,"column":2},"end":{"line":28,"column":51}},"19":{"start":{"line":33,"column":23},"end":{"line":33,"column":99}},"20":{"start":{"line":34,"column":2},"end":{"line":34,"column":34}},"21":{"start":{"line":34,"column":21},"end":{"line":34,"column":34}},"22":{"start":{"line":35,"column":2},"end":{"line":48,"column":3}},"23":{"start":{"line":36,"column":17},"end":{"line":36,"column":29}},"24":{"start":{"line":37,"column":16},"end":{"line":41,"column":6}},"25":{"start":{"line":42,"column":4},"end":{"line":42,"column":30}},"26":{"start":{"line":42,"column":17},"end":{"line":42,"column":30}},"27":{"start":{"line":43,"column":17},"end":{"line":43,"column":61}},"28":{"start":{"line":44,"column":4},"end":{"line":44,"column":37}},"29":{"start":{"line":45,"column":4},"end":{"line":45,"column":16}},"30":{"start":{"line":47,"column":4},"end":{"line":47,"column":17}},"31":{"start":{"line":51,"column":19},"end":{"line":51,"column":24}},"32":{"start":{"line":54,"column":2},"end":{"line":107,"column":null}},"33":{"start":{"line":58,"column":15},"end":{"line":58,"column":27}},"34":{"start":{"line":60,"column":4},"end":{"line":60,"column":120}},"35":{"start":{"line":61,"column":14},"end":{"line":61,"column":60}},"36":{"start":{"line":62,"column":16},"end":{"line":62,"column":26}},"37":{"start":{"line":63,"column":15},"end":{"line":65,"column":null}},"38":{"start":{"line":67,"column":2},"end":{"line":67,"column":58}},"39":{"start":{"line":67,"column":13},"end":{"line":67,"column":58}},"40":{"start":{"line":70,"column":2},"end":{"line":76,"column":3}},"41":{"start":{"line":71,"column":4},"end":{"line":71,"column":52}},"42":{"start":{"line":73,"column":4},"end":{"line":75,"column":6}},"43":{"start":{"line":78,"column":2},"end":{"line":94,"column":3}},"44":{"start":{"line":79,"column":4},"end":{"line":86,"column":5}},"45":{"start":{"line":80,"column":6},"end":{"line":80,"column":26}},"46":{"start":{"line":81,"column":24},"end":{"line":81,"column":47}},"47":{"start":{"line":82,"column":6},"end":{"line":82,"column":27}},"48":{"start":{"line":83,"column":6},"end":{"line":85,"column":7}},"49":{"start":{"line":84,"column":8},"end":{"line":84,"column":47}},"50":{"start":{"line":87,"column":4},"end":{"line":92,"column":5}},"51":{"start":{"line":88,"column":6},"end":{"line":88,"column":24}},"52":{"start":{"line":89,"column":6},"end":{"line":91,"column":7}},"53":{"start":{"line":90,"column":8},"end":{"line":90,"column":40}},"54":{"start":{"line":93,"column":4},"end":{"line":93,"column":36}},"55":{"start":{"line":95,"column":2},"end":{"line":105,"column":3}},"56":{"start":{"line":96,"column":16},"end":{"line":96,"column":74}},"57":{"start":{"line":96,"column":46},"end":{"line":96,"column":72}},"58":{"start":{"line":97,"column":15},"end":{"line":97,"column":92}},"59":{"start":{"line":99,"column":6},"end":{"line":103,"column":28}},"60":{"start":{"line":102,"column":25},"end":{"line":102,"column":52}},"61":{"start":{"line":104,"column":4},"end":{"line":104,"column":29}},"62":{"start":{"line":106,"column":2},"end":{"line":106,"column":34}},"63":{"start":{"line":109,"column":13},"end":{"line":116,"column":2}},"64":{"start":{"line":110,"column":28},"end":{"line":110,"column":44}},"65":{"start":{"line":112,"column":4},"end":{"line":112,"column":87}},"66":{"start":{"line":114,"column":4},"end":{"line":114,"column":86}},"67":{"start":{"line":115,"column":31},"end":{"line":115,"column":69}},"68":{"start":{"line":118,"column":13},"end":{"line":268,"column":2}},"69":{"start":{"line":120,"column":16},"end":{"line":120,"column":54}},"70":{"start":{"line":121,"column":15},"end":{"line":121,"column":84}},"71":{"start":{"line":122,"column":22},"end":{"line":122,"column":109}},"72":{"start":{"line":123,"column":21},"end":{"line":126,"column":28}},"73":{"start":{"line":128,"column":4},"end":{"line":128,"column":95}},"74":{"start":{"line":132,"column":4},"end":{"line":132,"column":131}},"75":{"start":{"line":134,"column":4},"end":{"line":134,"column":136}},"76":{"start":{"line":137,"column":14},"end":{"line":137,"column":107}},"77":{"start":{"line":138,"column":19},"end":{"line":141,"column":26}},"78":{"start":{"line":142,"column":20},"end":{"line":144,"column":27}},"79":{"start":{"line":146,"column":4},"end":{"line":146,"column":92}},"80":{"start":{"line":149,"column":20},"end":{"line":149,"column":76}},"81":{"start":{"line":151,"column":4},"end":{"line":151,"column":102}},"82":{"start":{"line":153,"column":4},"end":{"line":153,"column":112}},"83":{"start":{"line":154,"column":31},"end":{"line":156,"column":38}},"84":{"start":{"line":159,"column":19},"end":{"line":159,"column":78}},"85":{"start":{"line":163,"column":4},"end":{"line":163,"column":86}},"86":{"start":{"line":167,"column":19},"end":{"line":167,"column":40}},"87":{"start":{"line":168,"column":4},"end":{"line":168,"column":50}},"88":{"start":{"line":168,"column":15},"end":{"line":168,"column":50}},"89":{"start":{"line":169,"column":4},"end":{"line":169,"column":55}},"90":{"start":{"line":169,"column":19},"end":{"line":169,"column":55}},"91":{"start":{"line":170,"column":15},"end":{"line":170,"column":32}},"92":{"start":{"line":171,"column":4},"end":{"line":173,"column":6}},"93":{"start":{"line":178,"column":4},"end":{"line":179,"column":null}},"94":{"start":{"line":182,"column":4},"end":{"line":183,"column":null}},"95":{"start":{"line":186,"column":4},"end":{"line":187,"column":null}},"96":{"start":{"line":190,"column":4},"end":{"line":195,"column":52}},"97":{"start":{"line":199,"column":4},"end":{"line":199,"column":78}},"98":{"start":{"line":201,"column":4},"end":{"line":201,"column":131}},"99":{"start":{"line":203,"column":4},"end":{"line":203,"column":127}},"100":{"start":{"line":205,"column":4},"end":{"line":205,"column":127}},"101":{"start":{"line":207,"column":4},"end":{"line":207,"column":128}},"102":{"start":{"line":211,"column":4},"end":{"line":212,"column":null}},"103":{"start":{"line":215,"column":4},"end":{"line":216,"column":null}},"104":{"start":{"line":219,"column":4},"end":{"line":220,"column":null}},"105":{"start":{"line":223,"column":4},"end":{"line":224,"column":null}},"106":{"start":{"line":229,"column":19},"end":{"line":229,"column":40}},"107":{"start":{"line":230,"column":4},"end":{"line":230,"column":39}},"108":{"start":{"line":231,"column":4},"end":{"line":231,"column":45}},"109":{"start":{"line":231,"column":16},"end":{"line":231,"column":45}},"110":{"start":{"line":232,"column":4},"end":{"line":234,"column":6}},"111":{"start":{"line":237,"column":4},"end":{"line":237,"column":121}},"112":{"start":{"line":241,"column":4},"end":{"line":245,"column":31}},"113":{"start":{"line":247,"column":4},"end":{"line":247,"column":142}},"114":{"start":{"line":249,"column":4},"end":{"line":249,"column":112}},"115":{"start":{"line":251,"column":4},"end":{"line":251,"column":82}},"116":{"start":{"line":255,"column":4},"end":{"line":263,"column":33}},"117":{"start":{"line":265,"column":4},"end":{"line":265,"column":91}},"118":{"start":{"line":267,"column":4},"end":{"line":267,"column":57}}},"fnMap":{"0":{"name":"getApiBase","decl":{"start":{"line":2,"column":9},"end":{"line":2,"column":19}},"loc":{"start":{"line":2,"column":19},"end":{"line":7,"column":1}}},"1":{"name":"getToken","decl":{"start":{"line":9,"column":9},"end":{"line":9,"column":17}},"loc":{"start":{"line":9,"column":17},"end":{"line":12,"column":1}}},"2":{"name":"setAuthTokens","decl":{"start":{"line":15,"column":16},"end":{"line":15,"column":29}},"loc":{"start":{"line":15,"column":72},"end":{"line":21,"column":1}}},"3":{"name":"clearAuthTokens","decl":{"start":{"line":24,"column":16},"end":{"line":24,"column":31}},"loc":{"start":{"line":24,"column":31},"end":{"line":29,"column":1}}},"4":{"name":"tryRefreshToken","decl":{"start":{"line":32,"column":15},"end":{"line":32,"column":30}},"loc":{"start":{"line":32,"column":30},"end":{"line":49,"column":null}}},"5":{"name":"request","decl":{"start":{"line":53,"column":15},"end":{"line":53,"column":22}},"loc":{"start":{"line":53,"column":22},"end":{"line":107,"column":null}}},"6":{"name":"(anonymous_14)","decl":{"start":{"line":54,"column":2},"end":{"line":54,"column":14}},"loc":{"start":{"line":56,"column":18},"end":{"line":107,"column":1}}},"7":{"name":"(anonymous_15)","decl":{"start":{"line":96,"column":39},"end":{"line":96,"column":42}},"loc":{"start":{"line":96,"column":46},"end":{"line":96,"column":72}}},"8":{"name":"(anonymous_16)","decl":{"start":{"line":102,"column":18},"end":{"line":102,"column":19}},"loc":{"start":{"line":102,"column":24},"end":{"line":102,"column":52}}},"9":{"name":"(anonymous_17)","decl":{"start":{"line":110,"column":7},"end":{"line":110,"column":11}},"loc":{"start":{"line":110,"column":28},"end":{"line":110,"column":44}}},"10":{"name":"(anonymous_18)","decl":{"start":{"line":111,"column":8},"end":{"line":111,"column":12}},"loc":{"start":{"line":112,"column":4},"end":{"line":112,"column":87}}},"11":{"name":"(anonymous_19)","decl":{"start":{"line":113,"column":7},"end":{"line":113,"column":11}},"loc":{"start":{"line":114,"column":4},"end":{"line":114,"column":86}}},"12":{"name":"(anonymous_20)","decl":{"start":{"line":115,"column":10},"end":{"line":115,"column":14}},"loc":{"start":{"line":115,"column":31},"end":{"line":115,"column":69}}},"13":{"name":"(anonymous_21)","decl":{"start":{"line":120,"column":10},"end":{"line":120,"column":13}},"loc":{"start":{"line":120,"column":16},"end":{"line":120,"column":54}}},"14":{"name":"(anonymous_22)","decl":{"start":{"line":121,"column":9},"end":{"line":121,"column":12}},"loc":{"start":{"line":121,"column":15},"end":{"line":121,"column":84}}},"15":{"name":"(anonymous_23)","decl":{"start":{"line":122,"column":16},"end":{"line":122,"column":19}},"loc":{"start":{"line":122,"column":22},"end":{"line":122,"column":109}}},"16":{"name":"(anonymous_24)","decl":{"start":{"line":123,"column":15},"end":{"line":123,"column":18}},"loc":{"start":{"line":123,"column":21},"end":{"line":126,"column":28}}},"17":{"name":"(anonymous_25)","decl":{"start":{"line":127,"column":20},"end":{"line":127,"column":21}},"loc":{"start":{"line":128,"column":4},"end":{"line":128,"column":95}}},"18":{"name":"(anonymous_26)","decl":{"start":{"line":131,"column":9},"end":{"line":131,"column":10}},"loc":{"start":{"line":132,"column":4},"end":{"line":132,"column":131}}},"19":{"name":"(anonymous_27)","decl":{"start":{"line":133,"column":16},"end":{"line":133,"column":17}},"loc":{"start":{"line":134,"column":4},"end":{"line":134,"column":136}}},"20":{"name":"(anonymous_28)","decl":{"start":{"line":137,"column":8},"end":{"line":137,"column":11}},"loc":{"start":{"line":137,"column":14},"end":{"line":137,"column":107}}},"21":{"name":"(anonymous_29)","decl":{"start":{"line":138,"column":13},"end":{"line":138,"column":16}},"loc":{"start":{"line":138,"column":19},"end":{"line":141,"column":26}}},"22":{"name":"(anonymous_30)","decl":{"start":{"line":142,"column":14},"end":{"line":142,"column":17}},"loc":{"start":{"line":142,"column":20},"end":{"line":144,"column":27}}},"23":{"name":"(anonymous_31)","decl":{"start":{"line":145,"column":20},"end":{"line":145,"column":21}},"loc":{"start":{"line":146,"column":4},"end":{"line":146,"column":92}}},"24":{"name":"(anonymous_32)","decl":{"start":{"line":149,"column":14},"end":{"line":149,"column":17}},"loc":{"start":{"line":149,"column":20},"end":{"line":149,"column":76}}},"25":{"name":"(anonymous_33)","decl":{"start":{"line":150,"column":18},"end":{"line":150,"column":19}},"loc":{"start":{"line":151,"column":4},"end":{"line":151,"column":102}}},"26":{"name":"(anonymous_34)","decl":{"start":{"line":152,"column":17},"end":{"line":152,"column":18}},"loc":{"start":{"line":153,"column":4},"end":{"line":153,"column":112}}},"27":{"name":"(anonymous_35)","decl":{"start":{"line":154,"column":25},"end":{"line":154,"column":28}},"loc":{"start":{"line":154,"column":31},"end":{"line":156,"column":38}}},"28":{"name":"(anonymous_36)","decl":{"start":{"line":159,"column":13},"end":{"line":159,"column":16}},"loc":{"start":{"line":159,"column":19},"end":{"line":159,"column":78}}},"29":{"name":"(anonymous_37)","decl":{"start":{"line":162,"column":15},"end":{"line":162,"column":16}},"loc":{"start":{"line":163,"column":4},"end":{"line":163,"column":86}}},"30":{"name":"(anonymous_38)","decl":{"start":{"line":166,"column":13},"end":{"line":166,"column":14}},"loc":{"start":{"line":166,"column":52},"end":{"line":174,"column":3}}},"31":{"name":"(anonymous_39)","decl":{"start":{"line":177,"column":26},"end":{"line":177,"column":27}},"loc":{"start":{"line":178,"column":4},"end":{"line":179,"column":null}}},"32":{"name":"(anonymous_40)","decl":{"start":{"line":181,"column":23},"end":{"line":181,"column":24}},"loc":{"start":{"line":182,"column":4},"end":{"line":183,"column":null}}},"33":{"name":"(anonymous_41)","decl":{"start":{"line":185,"column":29},"end":{"line":185,"column":30}},"loc":{"start":{"line":186,"column":4},"end":{"line":187,"column":null}}},"34":{"name":"(anonymous_42)","decl":{"start":{"line":189,"column":22},"end":{"line":189,"column":23}},"loc":{"start":{"line":190,"column":4},"end":{"line":195,"column":52}}},"35":{"name":"(anonymous_43)","decl":{"start":{"line":198,"column":15},"end":{"line":198,"column":16}},"loc":{"start":{"line":199,"column":4},"end":{"line":199,"column":78}}},"36":{"name":"(anonymous_44)","decl":{"start":{"line":200,"column":15},"end":{"line":200,"column":16}},"loc":{"start":{"line":201,"column":4},"end":{"line":201,"column":131}}},"37":{"name":"(anonymous_45)","decl":{"start":{"line":202,"column":18},"end":{"line":202,"column":19}},"loc":{"start":{"line":203,"column":4},"end":{"line":203,"column":127}}},"38":{"name":"(anonymous_46)","decl":{"start":{"line":204,"column":18},"end":{"line":204,"column":19}},"loc":{"start":{"line":205,"column":4},"end":{"line":205,"column":127}}},"39":{"name":"(anonymous_47)","decl":{"start":{"line":206,"column":16},"end":{"line":206,"column":19}},"loc":{"start":{"line":207,"column":4},"end":{"line":207,"column":128}}},"40":{"name":"(anonymous_48)","decl":{"start":{"line":210,"column":15},"end":{"line":210,"column":16}},"loc":{"start":{"line":211,"column":4},"end":{"line":212,"column":null}}},"41":{"name":"(anonymous_49)","decl":{"start":{"line":214,"column":14},"end":{"line":214,"column":15}},"loc":{"start":{"line":215,"column":4},"end":{"line":216,"column":null}}},"42":{"name":"(anonymous_50)","decl":{"start":{"line":218,"column":16},"end":{"line":218,"column":19}},"loc":{"start":{"line":219,"column":4},"end":{"line":220,"column":null}}},"43":{"name":"(anonymous_51)","decl":{"start":{"line":222,"column":14},"end":{"line":222,"column":15}},"loc":{"start":{"line":223,"column":4},"end":{"line":224,"column":null}}},"44":{"name":"(anonymous_52)","decl":{"start":{"line":228,"column":10},"end":{"line":228,"column":11}},"loc":{"start":{"line":228,"column":42},"end":{"line":235,"column":3}}},"45":{"name":"(anonymous_53)","decl":{"start":{"line":236,"column":14},"end":{"line":236,"column":15}},"loc":{"start":{"line":237,"column":4},"end":{"line":237,"column":121}}},"46":{"name":"(anonymous_54)","decl":{"start":{"line":240,"column":16},"end":{"line":240,"column":19}},"loc":{"start":{"line":241,"column":4},"end":{"line":245,"column":31}}},"47":{"name":"(anonymous_55)","decl":{"start":{"line":246,"column":19},"end":{"line":246,"column":20}},"loc":{"start":{"line":247,"column":4},"end":{"line":247,"column":142}}},"48":{"name":"(anonymous_56)","decl":{"start":{"line":248,"column":20},"end":{"line":248,"column":23}},"loc":{"start":{"line":249,"column":4},"end":{"line":249,"column":112}}},"49":{"name":"(anonymous_57)","decl":{"start":{"line":250,"column":18},"end":{"line":250,"column":19}},"loc":{"start":{"line":251,"column":4},"end":{"line":251,"column":82}}},"50":{"name":"(anonymous_58)","decl":{"start":{"line":254,"column":18},"end":{"line":254,"column":21}},"loc":{"start":{"line":255,"column":4},"end":{"line":263,"column":33}}},"51":{"name":"(anonymous_59)","decl":{"start":{"line":264,"column":17},"end":{"line":264,"column":18}},"loc":{"start":{"line":265,"column":4},"end":{"line":265,"column":91}}},"52":{"name":"(anonymous_60)","decl":{"start":{"line":266,"column":16},"end":{"line":266,"column":19}},"loc":{"start":{"line":267,"column":4},"end":{"line":267,"column":57}}}},"branchMap":{"0":{"loc":{"start":{"line":3,"column":2},"end":{"line":5,"column":3}},"type":"if","locations":[{"start":{"line":3,"column":2},"end":{"line":5,"column":3}},{"start":{},"end":{}}]},"1":{"loc":{"start":{"line":6,"column":9},"end":{"line":6,"column":67}},"type":"binary-expr","locations":[{"start":{"line":6,"column":9},"end":{"line":6,"column":40}},{"start":{"line":6,"column":44},"end":{"line":6,"column":67}}]},"2":{"loc":{"start":{"line":10,"column":2},"end":{"line":10,"column":49}},"type":"if","locations":[{"start":{"line":10,"column":2},"end":{"line":10,"column":49}},{"start":{},"end":{}}]},"3":{"loc":{"start":{"line":16,"column":2},"end":{"line":16,"column":44}},"type":"if","locations":[{"start":{"line":16,"column":2},"end":{"line":16,"column":44}},{"start":{},"end":{}}]},"4":{"loc":{"start":{"line":18,"column":2},"end":{"line":18,"column":72}},"type":"if","locations":[{"start":{"line":18,"column":2},"end":{"line":18,"column":72}},{"start":{},"end":{}}]},"5":{"loc":{"start":{"line":25,"column":2},"end":{"line":25,"column":44}},"type":"if","locations":[{"start":{"line":25,"column":2},"end":{"line":25,"column":44}},{"start":{},"end":{}}]},"6":{"loc":{"start":{"line":33,"column":23},"end":{"line":33,"column":99}},"type":"cond-expr","locations":[{"start":{"line":33,"column":55},"end":{"line":33,"column":92}},{"start":{"line":33,"column":95},"end":{"line":33,"column":99}}]},"7":{"loc":{"start":{"line":34,"column":2},"end":{"line":34,"column":34}},"type":"if","locations":[{"start":{"line":34,"column":2},"end":{"line":34,"column":34}},{"start":{},"end":{}}]},"8":{"loc":{"start":{"line":42,"column":4},"end":{"line":42,"column":30}},"type":"if","locations":[{"start":{"line":42,"column":4},"end":{"line":42,"column":30}},{"start":{},"end":{}}]},"9":{"loc":{"start":{"line":55,"column":2},"end":{"line":55,"column":27}},"type":"default-arg","locations":[{"start":{"line":55,"column":25},"end":{"line":55,"column":27}}]},"10":{"loc":{"start":{"line":56,"column":2},"end":{"line":56,"column":18}},"type":"default-arg","locations":[{"start":{"line":56,"column":13},"end":{"line":56,"column":18}}]},"11":{"loc":{"start":{"line":60,"column":4},"end":{"line":60,"column":120}},"type":"cond-expr","locations":[{"start":{"line":60,"column":30},"end":{"line":60,"column":34}},{"start":{"line":60,"column":37},"end":{"line":60,"column":120}}]},"12":{"loc":{"start":{"line":60,"column":37},"end":{"line":60,"column":120}},"type":"cond-expr","locations":[{"start":{"line":60,"column":60},"end":{"line":60,"column":88}},{"start":{"line":60,"column":91},"end":{"line":60,"column":120}}]},"13":{"loc":{"start":{"line":61,"column":14},"end":{"line":61,"column":60}},"type":"cond-expr","locations":[{"start":{"line":61,"column":40},"end":{"line":61,"column":44}},{"start":{"line":61,"column":47},"end":{"line":61,"column":60}}]},"14":{"loc":{"start":{"line":67,"column":2},"end":{"line":67,"column":58}},"type":"if","locations":[{"start":{"line":67,"column":2},"end":{"line":67,"column":58}},{"start":{},"end":{}}]},"15":{"loc":{"start":{"line":78,"column":2},"end":{"line":94,"column":3}},"type":"if","locations":[{"start":{"line":78,"column":2},"end":{"line":94,"column":3}},{"start":{},"end":{}}]},"16":{"loc":{"start":{"line":78,"column":6},"end":{"line":78,"column":37}},"type":"binary-expr","locations":[{"start":{"line":78,"column":6},"end":{"line":78,"column":24}},{"start":{"line":78,"column":28},"end":{"line":78,"column":37}}]},"17":{"loc":{"start":{"line":79,"column":4},"end":{"line":86,"column":5}},"type":"if","locations":[{"start":{"line":79,"column":4},"end":{"line":86,"column":5}},{"start":{},"end":{}}]},"18":{"loc":{"start":{"line":83,"column":6},"end":{"line":85,"column":7}},"type":"if","locations":[{"start":{"line":83,"column":6},"end":{"line":85,"column":7}},{"start":{},"end":{}}]},"19":{"loc":{"start":{"line":87,"column":4},"end":{"line":92,"column":5}},"type":"if","locations":[{"start":{"line":87,"column":4},"end":{"line":92,"column":5}},{"start":{},"end":{}}]},"20":{"loc":{"start":{"line":89,"column":6},"end":{"line":91,"column":7}},"type":"if","locations":[{"start":{"line":89,"column":6},"end":{"line":91,"column":7}},{"start":{},"end":{}}]},"21":{"loc":{"start":{"line":95,"column":2},"end":{"line":105,"column":3}},"type":"if","locations":[{"start":{"line":95,"column":2},"end":{"line":105,"column":3}},{"start":{},"end":{}}]},"22":{"loc":{"start":{"line":99,"column":6},"end":{"line":103,"column":28}},"type":"cond-expr","locations":[{"start":{"line":100,"column":10},"end":{"line":100,"column":11}},{"start":{"line":101,"column":10},"end":{"line":103,"column":28}}]},"23":{"loc":{"start":{"line":101,"column":10},"end":{"line":103,"column":28}},"type":"cond-expr","locations":[{"start":{"line":102,"column":12},"end":{"line":102,"column":63}},{"start":{"line":103,"column":12},"end":{"line":103,"column":28}}]},"24":{"loc":{"start":{"line":101,"column":10},"end":{"line":101,"column":42}},"type":"binary-expr","locations":[{"start":{"line":101,"column":10},"end":{"line":101,"column":26}},{"start":{"line":101,"column":30},"end":{"line":101,"column":42}}]},"25":{"loc":{"start":{"line":102,"column":25},"end":{"line":102,"column":51}},"type":"cond-expr","locations":[{"start":{"line":102,"column":30},"end":{"line":102,"column":34}},{"start":{"line":102,"column":34},"end":{"line":102,"column":51}}]},"26":{"loc":{"start":{"line":102,"column":25},"end":{"line":102,"column":34}},"type":"binary-expr","locations":[{"start":{"line":102,"column":25},"end":{"line":102,"column":34}},{"start":{"line":102,"column":30},"end":{"line":102,"column":34}}]},"27":{"loc":{"start":{"line":112,"column":45},"end":{"line":112,"column":84}},"type":"cond-expr","locations":[{"start":{"line":112,"column":52},"end":{"line":112,"column":72}},{"start":{"line":112,"column":75},"end":{"line":112,"column":84}}]},"28":{"loc":{"start":{"line":114,"column":44},"end":{"line":114,"column":83}},"type":"cond-expr","locations":[{"start":{"line":114,"column":51},"end":{"line":114,"column":71}},{"start":{"line":114,"column":74},"end":{"line":114,"column":83}}]},"29":{"loc":{"start":{"line":168,"column":4},"end":{"line":168,"column":50}},"type":"if","locations":[{"start":{"line":168,"column":4},"end":{"line":168,"column":50}},{"start":{},"end":{}}]},"30":{"loc":{"start":{"line":169,"column":4},"end":{"line":169,"column":55}},"type":"if","locations":[{"start":{"line":169,"column":4},"end":{"line":169,"column":55}},{"start":{},"end":{}}]},"31":{"loc":{"start":{"line":172,"column":27},"end":{"line":172,"column":45}},"type":"cond-expr","locations":[{"start":{"line":172,"column":32},"end":{"line":172,"column":40}},{"start":{"line":172,"column":43},"end":{"line":172,"column":45}}]},"32":{"loc":{"start":{"line":177,"column":27},"end":{"line":177,"column":37}},"type":"default-arg","locations":[{"start":{"line":177,"column":35},"end":{"line":177,"column":37}}]},"33":{"loc":{"start":{"line":181,"column":24},"end":{"line":181,"column":34}},"type":"default-arg","locations":[{"start":{"line":181,"column":32},"end":{"line":181,"column":34}}]},"34":{"loc":{"start":{"line":185,"column":30},"end":{"line":185,"column":40}},"type":"default-arg","locations":[{"start":{"line":185,"column":38},"end":{"line":185,"column":40}}]},"35":{"loc":{"start":{"line":189,"column":23},"end":{"line":189,"column":33}},"type":"default-arg","locations":[{"start":{"line":189,"column":31},"end":{"line":189,"column":33}}]},"36":{"loc":{"start":{"line":204,"column":34},"end":{"line":204,"column":45}},"type":"default-arg","locations":[{"start":{"line":204,"column":42},"end":{"line":204,"column":45}}]},"37":{"loc":{"start":{"line":214,"column":31},"end":{"line":214,"column":46}},"type":"default-arg","locations":[{"start":{"line":214,"column":42},"end":{"line":214,"column":46}}]},"38":{"loc":{"start":{"line":214,"column":48},"end":{"line":214,"column":59}},"type":"default-arg","locations":[{"start":{"line":214,"column":56},"end":{"line":214,"column":59}}]},"39":{"loc":{"start":{"line":222,"column":15},"end":{"line":222,"column":25}},"type":"default-arg","locations":[{"start":{"line":222,"column":23},"end":{"line":222,"column":25}}]},"40":{"loc":{"start":{"line":228,"column":11},"end":{"line":228,"column":21}},"type":"default-arg","locations":[{"start":{"line":228,"column":19},"end":{"line":228,"column":21}}]},"41":{"loc":{"start":{"line":231,"column":4},"end":{"line":231,"column":45}},"type":"if","locations":[{"start":{"line":231,"column":4},"end":{"line":231,"column":45}},{"start":{},"end":{}}]}},"s":{"0":4,"1":4,"2":7,"3":7,"4":0,"5":5,"6":0,"7":5,"8":1,"9":0,"10":1,"11":1,"12":0,"13":1,"14":1,"15":0,"16":1,"17":1,"18":1,"19":2,"20":2,"21":0,"22":2,"23":2,"24":2,"25":2,"26":1,"27":1,"28":1,"29":1,"30":0,"31":4,"32":5,"33":5,"34":5,"35":5,"36":5,"37":5,"38":5,"39":4,"40":5,"41":5,"42":0,"43":5,"44":2,"45":2,"46":2,"47":2,"48":2,"49":1,"50":1,"51":1,"52":1,"53":1,"54":1,"55":3,"56":0,"57":0,"58":0,"59":0,"60":0,"61":0,"62":3,"63":4,"64":4,"65":0,"66":0,"67":0,"68":4,"69":0,"70":0,"71":0,"72":0,"73":0,"74":0,"75":0,"76":0,"77":0,"78":0,"79":0,"80":0,"81":0,"82":0,"83":0,"84":0,"85":0,"86":0,"87":0,"88":0,"89":0,"90":0,"91":0,"92":0,"93":0,"94":0,"95":0,"96":0,"97":0,"98":0,"99":0,"100":0,"101":0,"102":0,"103":0,"104":0,"105":0,"106":0,"107":0,"108":0,"109":0,"110":0,"111":0,"112":0,"113":0,"114":0,"115":0,"116":0,"117":0,"118":0},"f":{"0":7,"1":5,"2":1,"3":1,"4":2,"5":5,"6":5,"7":0,"8":0,"9":4,"10":0,"11":0,"12":0,"13":0,"14":0,"15":0,"16":0,"17":0,"18":0,"19":0,"20":0,"21":0,"22":0,"23":0,"24":0,"25":0,"26":0,"27":0,"28":0,"29":0,"30":0,"31":0,"32":0,"33":0,"34":0,"35":0,"36":0,"37":0,"38":0,"39":0,"40":0,"41":0,"42":0,"43":0,"44":0,"45":0,"46":0,"47":0,"48":0,"49":0,"50":0,"51":0,"52":0},"b":{"0":[7,0],"1":[0,0],"2":[0,5],"3":[0,1],"4":[0,1],"5":[0,1],"6":[2,0],"7":[0,2],"8":[1,1],"9":[4],"10":[4],"11":[0,5],"12":[5,0],"13":[0,5],"14":[4,1],"15":[2,3],"16":[5,2],"17":[2,0],"18":[1,1],"19":[1,0],"20":[1,0],"21":[0,3],"22":[0,0],"23":[0,0],"24":[0,0],"25":[0,0],"26":[0,0],"27":[0,0],"28":[0,0],"29":[0,0],"30":[0,0],"31":[0,0],"32":[0],"33":[0],"34":[0],"35":[0],"36":[0],"37":[0],"38":[0],"39":[0],"40":[0],"41":[0,0]}}
,"/Users/nishitareddy/Trading-Platform/trading-ui/store/useStore.ts": {"path":"/Users/nishitareddy/Trading-Platform/trading-ui/store/useStore.ts","statementMap":{"0":{"start":{"line":3,"column":0},"end":{"line":3,"column":33}},"1":{"start":{"line":5,"column":0},"end":{"line":5,"column":38}},"2":{"start":{"line":43,"column":13},"end":{"line":177,"column":4}},"3":{"start":{"line":43,"column":51},"end":{"line":177,"column":2}},"4":{"start":{"line":45,"column":21},"end":{"line":45,"column":34}},"5":{"start":{"line":49,"column":4},"end":{"line":52,"column":7}},"6":{"start":{"line":49,"column":19},"end":{"line":52,"column":7}},"7":{"start":{"line":54,"column":31},"end":{"line":54,"column":50}},"8":{"start":{"line":56,"column":29},"end":{"line":56,"column":46}},"9":{"start":{"line":58,"column":35},"end":{"line":58,"column":55}},"10":{"start":{"line":60,"column":20},"end":{"line":60,"column":75}},"11":{"start":{"line":60,"column":36},"end":{"line":60,"column":73}},"12":{"start":{"line":71,"column":29},"end":{"line":71,"column":46}},"13":{"start":{"line":73,"column":17},"end":{"line":73,"column":35}},"14":{"start":{"line":74,"column":4},"end":{"line":80,"column":5}},"15":{"start":{"line":75,"column":6},"end":{"line":79,"column":9}},"16":{"start":{"line":77,"column":18},"end":{"line":77,"column":178}},"17":{"start":{"line":81,"column":4},"end":{"line":86,"column":5}},"18":{"start":{"line":82,"column":6},"end":{"line":85,"column":9}},"19":{"start":{"line":87,"column":4},"end":{"line":93,"column":5}},"20":{"start":{"line":88,"column":6},"end":{"line":92,"column":9}},"21":{"start":{"line":94,"column":4},"end":{"line":96,"column":5}},"22":{"start":{"line":95,"column":6},"end":{"line":95,"column":33}},"23":{"start":{"line":97,"column":4},"end":{"line":99,"column":5}},"24":{"start":{"line":98,"column":6},"end":{"line":98,"column":37}},"25":{"start":{"line":100,"column":4},"end":{"line":108,"column":5}},"26":{"start":{"line":101,"column":6},"end":{"line":107,"column":9}},"27":{"start":{"line":110,"column":4},"end":{"line":116,"column":5}},"28":{"start":{"line":111,"column":22},"end":{"line":111,"column":72}},"29":{"start":{"line":112,"column":6},"end":{"line":115,"column":7}},"30":{"start":{"line":113,"column":22},"end":{"line":113,"column":122}},"31":{"start":{"line":114,"column":8},"end":{"line":114,"column":53}},"32":{"start":{"line":117,"column":4},"end":{"line":132,"column":5}},"33":{"start":{"line":118,"column":22},"end":{"line":118,"column":72}},"34":{"start":{"line":119,"column":6},"end":{"line":131,"column":7}},"35":{"start":{"line":120,"column":8},"end":{"line":130,"column":12}},"36":{"start":{"line":120,"column":24},"end":{"line":130,"column":10}},"37":{"start":{"line":133,"column":4},"end":{"line":138,"column":5}},"38":{"start":{"line":134,"column":22},"end":{"line":134,"column":72}},"39":{"start":{"line":135,"column":6},"end":{"line":137,"column":7}},"40":{"start":{"line":136,"column":8},"end":{"line":136,"column":51}},"41":{"start":{"line":139,"column":4},"end":{"line":152,"column":5}},"42":{"start":{"line":140,"column":6},"end":{"line":151,"column":10}},"43":{"start":{"line":140,"column":22},"end":{"line":151,"column":8}},"44":{"start":{"line":153,"column":4},"end":{"line":166,"column":5}},"45":{"start":{"line":154,"column":6},"end":{"line":165,"column":10}},"46":{"start":{"line":154,"column":22},"end":{"line":165,"column":8}},"47":{"start":{"line":167,"column":4},"end":{"line":172,"column":5}},"48":{"start":{"line":168,"column":18},"end":{"line":168,"column":31}},"49":{"start":{"line":169,"column":6},"end":{"line":171,"column":7}},"50":{"start":{"line":170,"column":8},"end":{"line":170,"column":31}},"51":{"start":{"line":173,"column":4},"end":{"line":175,"column":5}}},"fnMap":{"0":{"name":"(anonymous_0)","decl":{"start":{"line":43,"column":41},"end":{"line":43,"column":42}},"loc":{"start":{"line":43,"column":51},"end":{"line":177,"column":2}}},"1":{"name":"(anonymous_1)","decl":{"start":{"line":45,"column":11},"end":{"line":45,"column":12}},"loc":{"start":{"line":45,"column":21},"end":{"line":45,"column":34}}},"2":{"name":"(anonymous_2)","decl":{"start":{"line":48,"column":16},"end":{"line":48,"column":17}},"loc":{"start":{"line":49,"column":4},"end":{"line":52,"column":7}}},"3":{"name":"(anonymous_3)","decl":{"start":{"line":49,"column":8},"end":{"line":49,"column":9}},"loc":{"start":{"line":49,"column":18},"end":{"line":52,"column":7}}},"4":{"name":"(anonymous_4)","decl":{"start":{"line":54,"column":15},"end":{"line":54,"column":16}},"loc":{"start":{"line":54,"column":31},"end":{"line":54,"column":50}}},"5":{"name":"(anonymous_5)","decl":{"start":{"line":56,"column":15},"end":{"line":56,"column":16}},"loc":{"start":{"line":56,"column":29},"end":{"line":56,"column":46}}},"6":{"name":"(anonymous_6)","decl":{"start":{"line":58,"column":18},"end":{"line":58,"column":19}},"loc":{"start":{"line":58,"column":35},"end":{"line":58,"column":55}}},"7":{"name":"(anonymous_7)","decl":{"start":{"line":60,"column":13},"end":{"line":60,"column":14}},"loc":{"start":{"line":60,"column":20},"end":{"line":60,"column":75}}},"8":{"name":"(anonymous_8)","decl":{"start":{"line":60,"column":24},"end":{"line":60,"column":25}},"loc":{"start":{"line":60,"column":36},"end":{"line":60,"column":73}}},"9":{"name":"(anonymous_9)","decl":{"start":{"line":71,"column":15},"end":{"line":71,"column":16}},"loc":{"start":{"line":71,"column":29},"end":{"line":71,"column":46}}},"10":{"name":"(anonymous_10)","decl":{"start":{"line":72,"column":16},"end":{"line":72,"column":17}},"loc":{"start":{"line":72,"column":24},"end":{"line":176,"column":3}}},"11":{"name":"(anonymous_11)","decl":{"start":{"line":77,"column":10},"end":{"line":77,"column":11}},"loc":{"start":{"line":77,"column":18},"end":{"line":77,"column":178}}},"12":{"name":"(anonymous_12)","decl":{"start":{"line":120,"column":12},"end":{"line":120,"column":13}},"loc":{"start":{"line":120,"column":24},"end":{"line":130,"column":10}}},"13":{"name":"(anonymous_13)","decl":{"start":{"line":140,"column":10},"end":{"line":140,"column":11}},"loc":{"start":{"line":140,"column":22},"end":{"line":151,"column":8}}},"14":{"name":"(anonymous_14)","decl":{"start":{"line":154,"column":10},"end":{"line":154,"column":11}},"loc":{"start":{"line":154,"column":22},"end":{"line":165,"column":8}}}},"branchMap":{"0":{"loc":{"start":{"line":50,"column":14},"end":{"line":50,"column":38}},"type":"cond-expr","locations":[{"start":{"line":50,"column":22},"end":{"line":50,"column":26}},{"start":{"line":50,"column":26},"end":{"line":50,"column":38}}]},"1":{"loc":{"start":{"line":50,"column":14},"end":{"line":50,"column":26}},"type":"binary-expr","locations":[{"start":{"line":50,"column":14},"end":{"line":50,"column":26}},{"start":{"line":50,"column":22},"end":{"line":50,"column":26}}]},"2":{"loc":{"start":{"line":51,"column":16},"end":{"line":51,"column":45}},"type":"cond-expr","locations":[{"start":{"line":51,"column":27},"end":{"line":51,"column":31}},{"start":{"line":51,"column":31},"end":{"line":51,"column":45}}]},"3":{"loc":{"start":{"line":51,"column":16},"end":{"line":51,"column":31}},"type":"binary-expr","locations":[{"start":{"line":51,"column":16},"end":{"line":51,"column":31}},{"start":{"line":51,"column":27},"end":{"line":51,"column":31}}]},"4":{"loc":{"start":{"line":74,"column":4},"end":{"line":80,"column":5}},"type":"if","locations":[{"start":{"line":74,"column":4},"end":{"line":80,"column":5}},{"start":{},"end":{}}]},"5":{"loc":{"start":{"line":74,"column":8},"end":{"line":74,"column":77}},"type":"binary-expr","locations":[{"start":{"line":74,"column":8},"end":{"line":74,"column":45}},{"start":{"line":74,"column":49},"end":{"line":74,"column":77}}]},"6":{"loc":{"start":{"line":77,"column":127},"end":{"line":77,"column":176}},"type":"cond-expr","locations":[{"start":{"line":77,"column":161},"end":{"line":77,"column":172}},{"start":{"line":77,"column":175},"end":{"line":77,"column":176}}]},"7":{"loc":{"start":{"line":81,"column":4},"end":{"line":86,"column":5}},"type":"if","locations":[{"start":{"line":81,"column":4},"end":{"line":86,"column":5}},{"start":{},"end":{}}]},"8":{"loc":{"start":{"line":83,"column":16},"end":{"line":83,"column":63}},"type":"cond-expr","locations":[{"start":{"line":83,"column":49},"end":{"line":83,"column":59}},{"start":{"line":83,"column":62},"end":{"line":83,"column":63}}]},"9":{"loc":{"start":{"line":84,"column":18},"end":{"line":84,"column":71}},"type":"cond-expr","locations":[{"start":{"line":84,"column":54},"end":{"line":84,"column":67}},{"start":{"line":84,"column":70},"end":{"line":84,"column":71}}]},"10":{"loc":{"start":{"line":87,"column":4},"end":{"line":93,"column":5}},"type":"if","locations":[{"start":{"line":87,"column":4},"end":{"line":93,"column":5}},{"start":{},"end":{}}]},"11":{"loc":{"start":{"line":89,"column":16},"end":{"line":89,"column":63}},"type":"cond-expr","locations":[{"start":{"line":89,"column":49},"end":{"line":89,"column":59}},{"start":{"line":89,"column":62},"end":{"line":89,"column":63}}]},"12":{"loc":{"start":{"line":90,"column":18},"end":{"line":90,"column":71}},"type":"cond-expr","locations":[{"start":{"line":90,"column":54},"end":{"line":90,"column":67}},{"start":{"line":90,"column":70},"end":{"line":90,"column":71}}]},"13":{"loc":{"start":{"line":94,"column":4},"end":{"line":96,"column":5}},"type":"if","locations":[{"start":{"line":94,"column":4},"end":{"line":96,"column":5}},{"start":{},"end":{}}]},"14":{"loc":{"start":{"line":97,"column":4},"end":{"line":99,"column":5}},"type":"if","locations":[{"start":{"line":97,"column":4},"end":{"line":99,"column":5}},{"start":{},"end":{}}]},"15":{"loc":{"start":{"line":100,"column":4},"end":{"line":108,"column":5}},"type":"if","locations":[{"start":{"line":100,"column":4},"end":{"line":108,"column":5}},{"start":{},"end":{}}]},"16":{"loc":{"start":{"line":105,"column":24},"end":{"line":105,"column":86}},"type":"cond-expr","locations":[{"start":{"line":105,"column":63},"end":{"line":105,"column":79}},{"start":{"line":105,"column":82},"end":{"line":105,"column":86}}]},"17":{"loc":{"start":{"line":110,"column":4},"end":{"line":116,"column":5}},"type":"if","locations":[{"start":{"line":110,"column":4},"end":{"line":116,"column":5}},{"start":{},"end":{}}]},"18":{"loc":{"start":{"line":112,"column":6},"end":{"line":115,"column":7}},"type":"if","locations":[{"start":{"line":112,"column":6},"end":{"line":115,"column":7}},{"start":{},"end":{}}]},"19":{"loc":{"start":{"line":113,"column":22},"end":{"line":113,"column":122}},"type":"binary-expr","locations":[{"start":{"line":113,"column":22},"end":{"line":113,"column":116}},{"start":{"line":113,"column":120},"end":{"line":113,"column":122}}]},"20":{"loc":{"start":{"line":117,"column":4},"end":{"line":132,"column":5}},"type":"if","locations":[{"start":{"line":117,"column":4},"end":{"line":132,"column":5}},{"start":{},"end":{}}]},"21":{"loc":{"start":{"line":117,"column":8},"end":{"line":117,"column":93}},"type":"binary-expr","locations":[{"start":{"line":117,"column":8},"end":{"line":117,"column":45}},{"start":{"line":117,"column":49},"end":{"line":117,"column":93}}]},"22":{"loc":{"start":{"line":119,"column":6},"end":{"line":131,"column":7}},"type":"if","locations":[{"start":{"line":119,"column":6},"end":{"line":131,"column":7}},{"start":{},"end":{}}]},"23":{"loc":{"start":{"line":123,"column":21},"end":{"line":123,"column":52}},"type":"binary-expr","locations":[{"start":{"line":123,"column":21},"end":{"line":123,"column":44}},{"start":{"line":123,"column":48},"end":{"line":123,"column":52}}]},"24":{"loc":{"start":{"line":124,"column":25},"end":{"line":124,"column":62}},"type":"binary-expr","locations":[{"start":{"line":124,"column":25},"end":{"line":124,"column":52}},{"start":{"line":124,"column":56},"end":{"line":124,"column":62}}]},"25":{"loc":{"start":{"line":126,"column":26},"end":{"line":126,"column":78}},"type":"binary-expr","locations":[{"start":{"line":126,"column":26},"end":{"line":126,"column":50}},{"start":{"line":126,"column":54},"end":{"line":126,"column":78}}]},"26":{"loc":{"start":{"line":133,"column":4},"end":{"line":138,"column":5}},"type":"if","locations":[{"start":{"line":133,"column":4},"end":{"line":138,"column":5}},{"start":{},"end":{}}]},"27":{"loc":{"start":{"line":135,"column":6},"end":{"line":137,"column":7}},"type":"if","locations":[{"start":{"line":135,"column":6},"end":{"line":137,"column":7}},{"start":{},"end":{}}]},"28":{"loc":{"start":{"line":135,"column":10},"end":{"line":135,"column":59}},"type":"binary-expr","locations":[{"start":{"line":135,"column":10},"end":{"line":135,"column":17}},{"start":{"line":135,"column":21},"end":{"line":135,"column":59}}]},"29":{"loc":{"start":{"line":139,"column":4},"end":{"line":152,"column":5}},"type":"if","locations":[{"start":{"line":139,"column":4},"end":{"line":152,"column":5}},{"start":{},"end":{}}]},"30":{"loc":{"start":{"line":143,"column":21},"end":{"line":143,"column":48}},"type":"binary-expr","locations":[{"start":{"line":143,"column":21},"end":{"line":143,"column":42}},{"start":{"line":143,"column":46},"end":{"line":143,"column":48}}]},"31":{"loc":{"start":{"line":144,"column":24},"end":{"line":144,"column":78}},"type":"binary-expr","locations":[{"start":{"line":144,"column":24},"end":{"line":144,"column":43}},{"start":{"line":144,"column":48},"end":{"line":144,"column":72}},{"start":{"line":144,"column":76},"end":{"line":144,"column":78}}]},"32":{"loc":{"start":{"line":145,"column":25},"end":{"line":145,"column":80}},"type":"binary-expr","locations":[{"start":{"line":145,"column":25},"end":{"line":145,"column":45}},{"start":{"line":145,"column":50},"end":{"line":145,"column":75}},{"start":{"line":145,"column":79},"end":{"line":145,"column":80}}]},"33":{"loc":{"start":{"line":146,"column":21},"end":{"line":146,"column":79}},"type":"binary-expr","locations":[{"start":{"line":146,"column":21},"end":{"line":146,"column":47}},{"start":{"line":146,"column":52},"end":{"line":146,"column":73}},{"start":{"line":146,"column":77},"end":{"line":146,"column":79}}]},"34":{"loc":{"start":{"line":147,"column":24},"end":{"line":147,"column":76}},"type":"binary-expr","locations":[{"start":{"line":147,"column":24},"end":{"line":147,"column":48}},{"start":{"line":147,"column":52},"end":{"line":147,"column":76}}]},"35":{"loc":{"start":{"line":153,"column":4},"end":{"line":166,"column":5}},"type":"if","locations":[{"start":{"line":153,"column":4},"end":{"line":166,"column":5}},{"start":{},"end":{}}]},"36":{"loc":{"start":{"line":157,"column":21},"end":{"line":157,"column":48}},"type":"binary-expr","locations":[{"start":{"line":157,"column":21},"end":{"line":157,"column":42}},{"start":{"line":157,"column":46},"end":{"line":157,"column":48}}]},"37":{"loc":{"start":{"line":158,"column":27},"end":{"line":158,"column":60}},"type":"binary-expr","locations":[{"start":{"line":158,"column":27},"end":{"line":158,"column":48}},{"start":{"line":158,"column":52},"end":{"line":158,"column":60}}]},"38":{"loc":{"start":{"line":158,"column":65},"end":{"line":158,"column":90}},"type":"binary-expr","locations":[{"start":{"line":158,"column":65},"end":{"line":158,"column":84}},{"start":{"line":158,"column":88},"end":{"line":158,"column":90}}]},"39":{"loc":{"start":{"line":160,"column":21},"end":{"line":160,"column":53}},"type":"binary-expr","locations":[{"start":{"line":160,"column":21},"end":{"line":160,"column":47}},{"start":{"line":160,"column":51},"end":{"line":160,"column":53}}]},"40":{"loc":{"start":{"line":161,"column":24},"end":{"line":161,"column":76}},"type":"binary-expr","locations":[{"start":{"line":161,"column":24},"end":{"line":161,"column":48}},{"start":{"line":161,"column":52},"end":{"line":161,"column":76}}]},"41":{"loc":{"start":{"line":167,"column":4},"end":{"line":172,"column":5}},"type":"if","locations":[{"start":{"line":167,"column":4},"end":{"line":172,"column":5}},{"start":{},"end":{}}]},"42":{"loc":{"start":{"line":169,"column":6},"end":{"line":171,"column":7}},"type":"if","locations":[{"start":{"line":169,"column":6},"end":{"line":171,"column":7}},{"start":{},"end":{}}]},"43":{"loc":{"start":{"line":173,"column":4},"end":{"line":175,"column":5}},"type":"if","locations":[{"start":{"line":173,"column":4},"end":{"line":175,"column":5}},{"start":{},"end":{}}]}},"s":{"0":1,"1":1,"2":1,"3":1,"4":3,"5":5,"6":5,"7":0,"8":0,"9":0,"10":0,"11":0,"12":0,"13":10,"14":10,"15":1,"16":2,"17":10,"18":2,"19":10,"20":0,"21":10,"22":1,"23":10,"24":0,"25":10,"26":0,"27":10,"28":0,"29":0,"30":0,"31":0,"32":10,"33":0,"34":0,"35":0,"36":0,"37":10,"38":0,"39":0,"40":0,"41":10,"42":5,"43":5,"44":10,"45":0,"46":0,"47":10,"48":0,"49":0,"50":0,"51":10},"f":{"0":1,"1":3,"2":5,"3":5,"4":0,"5":0,"6":0,"7":0,"8":0,"9":0,"10":10,"11":2,"12":0,"13":5,"14":0},"b":{"0":[4,1],"1":[5,5],"2":[3,2],"3":[5,5],"4":[1,9],"5":[10,2],"6":[1,1],"7":[2,8],"8":[1,1],"9":[1,1],"10":[0,10],"11":[0,0],"12":[0,0],"13":[1,9],"14":[0,10],"15":[0,10],"16":[0,0],"17":[0,10],"18":[0,0],"19":[0,0],"20":[0,10],"21":[10,10],"22":[0,0],"23":[0,0],"24":[0,0],"25":[0,0],"26":[0,10],"27":[0,0],"28":[0,0],"29":[5,5],"30":[5,1],"31":[5,1,1],"32":[5,1,1],"33":[5,1,1],"34":[5,1],"35":[0,10],"36":[0,0],"37":[0,0],"38":[0,0],"39":[0,0],"40":[0,0],"41":[0,10],"42":[0,0],"43":[0,10]}}
,"/Users/nishitareddy/Trading-Platform/trading-ui/types/index.ts": {"path":"/Users/nishitareddy/Trading-Platform/trading-ui/types/index.ts","statementMap":{"0":{"start":{"line":81,"column":13},"end":{"line":100,"column":11}}},"fnMap":{},"branchMap":{},"s":{"0":2},"f":{},"b":{}}
}
