TN:
SF:lib/api/client.ts
FN:2,getApiBase
FN:9,getToken
FN:15,setAuthTokens
FN:24,clearAuthTokens
FN:32,tryRefreshToken
FN:53,request
FN:54,(anonymous_14)
FN:96,(anonymous_15)
FN:102,(anonymous_16)
FN:110,(anonymous_17)
FN:111,(anonymous_18)
FN:113,(anonymous_19)
FN:115,(anonymous_20)
FN:120,(anonymous_21)
FN:121,(anonymous_22)
FN:122,(anonymous_23)
FN:123,(anonymous_24)
FN:127,(anonymous_25)
FN:131,(anonymous_26)
FN:133,(anonymous_27)
FN:137,(anonymous_28)
FN:138,(anonymous_29)
FN:142,(anonymous_30)
FN:145,(anonymous_31)
FN:149,(anonymous_32)
FN:150,(anonymous_33)
FN:152,(anonymous_34)
FN:154,(anonymous_35)
FN:159,(anonymous_36)
FN:162,(anonymous_37)
FN:166,(anonymous_38)
FN:177,(anonymous_39)
FN:181,(anonymous_40)
FN:185,(anonymous_41)
FN:189,(anonymous_42)
FN:198,(anonymous_43)
FN:200,(anonymous_44)
FN:202,(anonymous_45)
FN:204,(anonymous_46)
FN:206,(anonymous_47)
FN:210,(anonymous_48)
FN:214,(anonymous_49)
FN:218,(anonymous_50)
FN:222,(anonymous_51)
FN:228,(anonymous_52)
FN:236,(anonymous_53)
FN:240,(anonymous_54)
FN:246,(anonymous_55)
FN:248,(anonymous_56)
FN:250,(anonymous_57)
FN:254,(anonymous_58)
FN:264,(anonymous_59)
FN:266,(anonymous_60)
FNF:53
FNH:8
FNDA:7,getApiBase
FNDA:5,getToken
FNDA:1,setAuthTokens
FNDA:1,clearAuthTokens
FNDA:2,tryRefreshToken
FNDA:5,request
FNDA:5,(anonymous_14)
FNDA:0,(anonymous_15)
FNDA:0,(anonymous_16)
FNDA:4,(anonymous_17)
FNDA:0,(anonymous_18)
FNDA:0,(anonymous_19)
FNDA:0,(anonymous_20)
FNDA:0,(anonymous_21)
FNDA:0,(anonymous_22)
FNDA:0,(anonymous_23)
FNDA:0,(anonymous_24)
FNDA:0,(anonymous_25)
FNDA:0,(anonymous_26)
FNDA:0,(anonymous_27)
FNDA:0,(anonymous_28)
FNDA:0,(anonymous_29)
FNDA:0,(anonymous_30)
FNDA:0,(anonymous_31)
FNDA:0,(anonymous_32)
FNDA:0,(anonymous_33)
FNDA:0,(anonymous_34)
FNDA:0,(anonymous_35)
FNDA:0,(anonymous_36)
FNDA:0,(anonymous_37)
FNDA:0,(anonymous_38)
FNDA:0,(anonymous_39)
FNDA:0,(anonymous_40)
FNDA:0,(anonymous_41)
FNDA:0,(anonymous_42)
FNDA:0,(anonymous_43)
FNDA:0,(anonymous_44)
FNDA:0,(anonymous_45)
FNDA:0,(anonymous_46)
FNDA:0,(anonymous_47)
FNDA:0,(anonymous_48)
FNDA:0,(anonymous_49)
FNDA:0,(anonymous_50)
FNDA:0,(anonymous_51)
FNDA:0,(anonymous_52)
FNDA:0,(anonymous_53)
FNDA:0,(anonymous_54)
FNDA:0,(anonymous_55)
FNDA:0,(anonymous_56)
FNDA:0,(anonymous_57)
FNDA:0,(anonymous_58)
FNDA:0,(anonymous_59)
FNDA:0,(anonymous_60)
DA:3,7
DA:4,7
DA:6,0
DA:10,5
DA:11,5
DA:15,4
DA:16,1
DA:17,1
DA:18,1
DA:20,1
DA:24,4
DA:25,1
DA:26,1
DA:27,1
DA:28,1
DA:33,2
DA:34,2
DA:35,2
DA:36,2
DA:37,2
DA:42,2
DA:43,1
DA:44,1
DA:45,1
DA:47,0
DA:51,4
DA:54,5
DA:58,5
DA:60,5
DA:61,5
DA:62,5
DA:63,5
DA:67,5
DA:70,5
DA:71,5
DA:73,0
DA:78,5
DA:79,2
DA:80,2
DA:81,2
DA:82,2
DA:83,2
DA:84,1
DA:87,1
DA:88,1
DA:89,1
DA:90,1
DA:93,1
DA:95,3
DA:96,0
DA:97,0
DA:99,0
DA:102,0
DA:104,0
DA:106,3
DA:109,4
DA:110,4
DA:112,0
DA:114,0
DA:115,0
DA:118,4
DA:120,0
DA:121,0
DA:122,0
DA:123,0
DA:128,0
DA:132,0
DA:134,0
DA:137,0
DA:138,0
DA:142,0
DA:146,0
DA:149,0
DA:151,0
DA:153,0
DA:154,0
DA:159,0
DA:163,0
DA:167,0
DA:168,0
DA:169,0
DA:170,0
DA:171,0
DA:178,0
DA:182,0
DA:186,0
DA:190,0
DA:199,0
DA:201,0
DA:203,0
DA:205,0
DA:207,0
DA:211,0
DA:215,0
DA:219,0
DA:223,0
DA:229,0
DA:230,0
DA:231,0
DA:232,0
DA:237,0
DA:241,0
DA:247,0
DA:249,0
DA:251,0
DA:255,0
DA:265,0
DA:267,0
LF:108
LH:50
BRDA:3,0,0,7
BRDA:3,0,1,0
BRDA:6,1,0,0
BRDA:6,1,1,0
BRDA:10,2,0,0
BRDA:10,2,1,5
BRDA:16,3,0,0
BRDA:16,3,1,1
BRDA:18,4,0,0
BRDA:18,4,1,1
BRDA:25,5,0,0
BRDA:25,5,1,1
BRDA:33,6,0,2
BRDA:33,6,1,0
BRDA:34,7,0,0
BRDA:34,7,1,2
BRDA:42,8,0,1
BRDA:42,8,1,1
BRDA:55,9,0,4
BRDA:56,10,0,4
BRDA:60,11,0,0
BRDA:60,11,1,5
BRDA:60,12,0,5
BRDA:60,12,1,0
BRDA:61,13,0,0
BRDA:61,13,1,5
BRDA:67,14,0,4
BRDA:67,14,1,1
BRDA:78,15,0,2
BRDA:78,15,1,3
BRDA:78,16,0,5
BRDA:78,16,1,2
BRDA:79,17,0,2
BRDA:79,17,1,0
BRDA:83,18,0,1
BRDA:83,18,1,1
BRDA:87,19,0,1
BRDA:87,19,1,0
BRDA:89,20,0,1
BRDA:89,20,1,0
BRDA:95,21,0,0
BRDA:95,21,1,3
BRDA:99,22,0,0
BRDA:99,22,1,0
BRDA:101,23,0,0
BRDA:101,23,1,0
BRDA:101,24,0,0
BRDA:101,24,1,0
BRDA:102,25,0,0
BRDA:102,25,1,0
BRDA:102,26,0,0
BRDA:102,26,1,0
BRDA:112,27,0,0
BRDA:112,27,1,0
BRDA:114,28,0,0
BRDA:114,28,1,0
BRDA:168,29,0,0
BRDA:168,29,1,0
BRDA:169,30,0,0
BRDA:169,30,1,0
BRDA:172,31,0,0
BRDA:172,31,1,0
BRDA:177,32,0,0
BRDA:181,33,0,0
BRDA:185,34,0,0
BRDA:189,35,0,0
BRDA:204,36,0,0
BRDA:214,37,0,0
BRDA:214,38,0,0
BRDA:222,39,0,0
BRDA:228,40,0,0
BRDA:231,41,0,0
BRDA:231,41,1,0
BRF:73
BRH:26
end_of_record
TN:
SF:store/useStore.ts
FN:43,(anonymous_0)
FN:45,(anonymous_1)
FN:48,(anonymous_2)
FN:49,(anonymous_3)
FN:54,(anonymous_4)
FN:56,(anonymous_5)
FN:58,(anonymous_6)
FN:60,(anonymous_7)
FN:60,(anonymous_8)
FN:71,(anonymous_9)
FN:72,(anonymous_10)
FN:77,(anonymous_11)
FN:120,(anonymous_12)
FN:140,(anonymous_13)
FN:154,(anonymous_14)
FNF:15
FNH:7
FNDA:1,(anonymous_0)
FNDA:3,(anonymous_1)
FNDA:5,(anonymous_2)
FNDA:5,(anonymous_3)
FNDA:0,(anonymous_4)
FNDA:0,(anonymous_5)
FNDA:0,(anonymous_6)
FNDA:0,(anonymous_7)
FNDA:0,(anonymous_8)
FNDA:0,(anonymous_9)
FNDA:10,(anonymous_10)
FNDA:2,(anonymous_11)
FNDA:0,(anonymous_12)
FNDA:5,(anonymous_13)
FNDA:0,(anonymous_14)
DA:3,1
DA:5,1
DA:43,1
DA:45,3
DA:49,5
DA:54,0
DA:56,0
DA:58,0
DA:60,0
DA:71,0
DA:73,10
DA:74,10
DA:75,1
DA:77,2
DA:81,10
DA:82,2
DA:87,10
DA:88,0
DA:94,10
DA:95,1
DA:97,10
DA:98,0
DA:100,10
DA:101,0
DA:110,10
DA:111,0
DA:112,0
DA:113,0
DA:114,0
DA:117,10
DA:118,0
DA:119,0
DA:120,0
DA:133,10
DA:134,0
DA:135,0
DA:136,0
DA:139,10
DA:140,5
DA:153,10
DA:154,0
DA:167,10
DA:168,0
DA:169,0
DA:170,0
DA:173,10
LF:46
LH:24
BRDA:50,0,0,4
BRDA:50,0,1,1
BRDA:50,1,0,5
BRDA:50,1,1,5
BRDA:51,2,0,3
BRDA:51,2,1,2
BRDA:51,3,0,5
BRDA:51,3,1,5
BRDA:74,4,0,1
BRDA:74,4,1,9
BRDA:74,5,0,10
BRDA:74,5,1,2
BRDA:77,6,0,1
BRDA:77,6,1,1
BRDA:81,7,0,2
BRDA:81,7,1,8
BRDA:83,8,0,1
BRDA:83,8,1,1
BRDA:84,9,0,1
BRDA:84,9,1,1
BRDA:87,10,0,0
BRDA:87,10,1,10
BRDA:89,11,0,0
BRDA:89,11,1,0
BRDA:90,12,0,0
BRDA:90,12,1,0
BRDA:94,13,0,1
BRDA:94,13,1,9
BRDA:97,14,0,0
BRDA:97,14,1,10
BRDA:100,15,0,0
BRDA:100,15,1,10
BRDA:105,16,0,0
BRDA:105,16,1,0
BRDA:110,17,0,0
BRDA:110,17,1,10
BRDA:112,18,0,0
BRDA:112,18,1,0
BRDA:113,19,0,0
BRDA:113,19,1,0
BRDA:117,20,0,0
BRDA:117,20,1,10
BRDA:117,21,0,10
BRDA:117,21,1,10
BRDA:119,22,0,0
BRDA:119,22,1,0
BRDA:123,23,0,0
BRDA:123,23,1,0
BRDA:124,24,0,0
BRDA:124,24,1,0
BRDA:126,25,0,0
BRDA:126,25,1,0
BRDA:133,26,0,0
BRDA:133,26,1,10
BRDA:135,27,0,0
BRDA:135,27,1,0
BRDA:135,28,0,0
BRDA:135,28,1,0
BRDA:139,29,0,5
BRDA:139,29,1,5
BRDA:143,30,0,5
BRDA:143,30,1,1
BRDA:144,31,0,5
BRDA:144,31,1,1
BRDA:144,31,2,1
BRDA:145,32,0,5
BRDA:145,32,1,1
BRDA:145,32,2,1
BRDA:146,33,0,5
BRDA:146,33,1,1
BRDA:146,33,2,1
BRDA:147,34,0,5
BRDA:147,34,1,1
BRDA:153,35,0,0
BRDA:153,35,1,10
BRDA:157,36,0,0
BRDA:157,36,1,0
BRDA:158,37,0,0
BRDA:158,37,1,0
BRDA:158,38,0,0
BRDA:158,38,1,0
BRDA:160,39,0,0
BRDA:160,39,1,0
BRDA:161,40,0,0
BRDA:161,40,1,0
BRDA:167,41,0,0
BRDA:167,41,1,10
BRDA:169,42,0,0
BRDA:169,42,1,0
BRDA:173,43,0,0
BRDA:173,43,1,10
BRF:91
BRH:48
end_of_record
TN:
SF:types/index.ts
FNF:0
FNH:0
DA:81,2
LF:1
LH:1
BRF:0
BRH:0
end_of_record
